<?xml version="1.0" encoding="UTF-8"?>
<!-- Generated by org.testng.reporters.JUnitXMLReporter -->
<testsuite ignored="3" hostname="mustafas-macbook-pro-2.home" failures="0" tests="1" name="Default test" time="18.992" errors="0" timestamp="2024-10-23T01:35:38 EET">
  <testcase classname="Mytestcases" name="AddItemToThecart" time="17.12"/>
  <testcase classname="Mytestcases" name="Login" time="0.0">
    <ignored/>
  </testcase> <!-- Login -->
  <testcase classname="Mytestcases" name="signUp" time="0.0">
    <ignored/>
  </testcase> <!-- signUp -->
  <testcase classname="Mytestcases" name="Logout" time="0.0">
    <ignored/>
  </testcase> <!-- Logout -->
</testsuite> <!-- Default test -->
