<?xml version="1.0" encoding="UTF-8"?>
<testng-results ignored="3" total="4" passed="1" failed="0" skipped="0">
  <reporter-output>
  </reporter-output>
  <suite started-at="2024-10-23T01:35:19 EET" name="Default suite" finished-at="2024-10-23T01:35:38 EET" duration-ms="18992">
    <groups>
    </groups>
    <test started-at="2024-10-23T01:35:19 EET" name="Default test" finished-at="2024-10-23T01:35:38 EET" duration-ms="18992">
      <class name="Mytestcases">
        <test-method is-config="true" signature="mySetup()[pri:0, instance:Mytestcases@2445445a]" started-at="2024-10-23T01:35:19 EET" name="mySetup" finished-at="2024-10-23T01:35:21 EET" duration-ms="1816" status="PASS">
          <reporter-output>
          </reporter-output>
        </test-method> <!-- mySetup -->
        <test-method signature="AddItemToThecart()[pri:4, instance:Mytestcases@2445445a]" started-at="2024-10-23T01:35:21 EET" name="AddItemToThecart" finished-at="2024-10-23T01:35:38 EET" duration-ms="17120" status="PASS">
          <reporter-output>
          </reporter-output>
        </test-method> <!-- AddItemToThecart -->
      </class> <!-- Mytestcases -->
    </test> <!-- Default test -->
  </suite> <!-- Default suite -->
</testng-results>
